<?xml version="1.0" encoding="UTF-8"?>
<!-- Generated by org.testng.reporters.JUnitReportReporter -->
<testsuite hostname="LAPTOP-CMV49M6P" failures="0" tests="1" name="pages.HomeTest" time="9.516" errors="0" timestamp="2025-09-12T12:25:30 IST" skipped="0">
  <testcase classname="pages.HomeTest" name="verifyUserLoginWithValidCredentials" time="9.516"/>
</testsuite> <!-- pages.HomeTest -->
