<?xml version="1.0" encoding="UTF-8"?>
<!-- Generated by org.testng.reporters.JUnitReportReporter -->
<testsuite hostname="LAPTOP-CMV49M6P" failures="0" tests="1" name="testscripts.HomeTest" time="6.970" errors="0" timestamp="2025-09-25T08:14:40 IST" skipped="0">
  <testcase classname="testscripts.HomeTest" name="verifyLogoutFromHomePage" time="6.970"/>
</testsuite> <!-- testscripts.HomeTest -->
