<?xml version="1.0" encoding="UTF-8"?>
<!-- Generated by org.testng.reporters.JUnitReportReporter -->
<testsuite hostname="LAPTOP-CMV49M6P" failures="0" tests="1" name="testscripts.AdminTest" time="7.115" errors="0" timestamp="2025-09-15T11:40:33 IST" skipped="0">
  <testcase classname="testscripts.AdminTest" name="verifyNewWUserInAdminPage" time="7.115"/>
</testsuite> <!-- testscripts.AdminTest -->
