<?xml version="1.0" encoding="UTF-8"?>
<!-- Generated by org.testng.reporters.JUnitReportReporter -->
<testsuite hostname="LAPTOP-CMV49M6P" failures="0" tests="1" name="testscripts.ManageNewsTest" time="6.920" errors="0" timestamp="2025-09-25T10:23:53 IST" skipped="0">
  <testcase classname="testscripts.ManageNewsTest" name="verifyManageNewsPageWithnewNews" time="6.920"/>
</testsuite> <!-- testscripts.ManageNewsTest -->
