<?xml version="1.0" encoding="UTF-8"?>
<!-- Generated by org.testng.reporters.JUnitReportReporter -->
<testsuite hostname="LAPTOP-CMV49M6P" failures="0" tests="1" name="testscripts.LoginTest" time="9.225" errors="0" timestamp="2025-09-23T12:33:10 IST" skipped="0">
  <testcase classname="testscripts.LoginTest" name="verifyUserLoginWithInvalidCredentials" time="9.225"/>
</testsuite> <!-- testscripts.LoginTest -->
