<?xml version="1.0" encoding="UTF-8"?>
<!-- Generated by org.testng.reporters.JUnitReportReporter -->
<testsuite hostname="LAPTOP-CMV49M6P" failures="0" tests="5" name="testscripts.LoginTest" time="22.588" errors="0" timestamp="2025-09-25T19:12:38 IST" skipped="0">
  <testcase classname="testscripts.LoginTest" name="verifyUserLoginWithValidCredentials" time="5.481"/>
  <testcase classname="testscripts.LoginTest" name="verifyUserLoginWithIvalidUsernameandValidPassword" time="4.187"/>
  <testcase classname="testscripts.LoginTest" name="verifyUserLoginWithValidUsernameandInvalidPassword" time="4.771"/>
  <testcase classname="testscripts.LoginTest" name="verifyUserLoginWithInvalidCredentials" time="4.500"/>
  <testcase classname="testscripts.LoginTest" name="verifyUserLoginWithInvalidCredentials" time="3.649"/>
</testsuite> <!-- testscripts.LoginTest -->
