<?xml version="1.0" encoding="UTF-8"?>
<!-- Generated by org.testng.reporters.JUnitReportReporter -->
<testsuite hostname="LAPTOP-CMV49M6P" failures="0" tests="3" name="testscripts.ManageNewsTest" time="44.238" errors="0" timestamp="2025-09-19T14:50:07 IST" skipped="0">
  <testcase classname="testscripts.ManageNewsTest" name="verifyManageNewsPageWithnewNews" time="12.285"/>
  <testcase classname="testscripts.ManageNewsTest" name="verifyResetInManageNewsPage" time="22.224"/>
  <testcase classname="testscripts.ManageNewsTest" name="verifySearchInManageNewsPage" time="9.729"/>
</testsuite> <!-- testscripts.ManageNewsTest -->
