<?xml version="1.0" encoding="UTF-8"?>
<!-- Generated by org.testng.reporters.JUnitReportReporter -->
<testsuite hostname="LAPTOP-CMV49M6P" failures="0" tests="1" name="testscripts.HomeTest" time="5.427" errors="0" timestamp="2025-09-25T19:12:38 IST" skipped="0">
  <testcase classname="testscripts.HomeTest" name="verifyLogoutFromHomePage" time="5.427"/>
</testsuite> <!-- testscripts.HomeTest -->
