<?xml version="1.0" encoding="UTF-8"?>
<!-- Generated by org.testng.reporters.JUnitReportReporter -->
<testsuite hostname="LAPTOP-CMV49M6P" failures="0" tests="3" name="testscripts.AdminTest" time="54.727" errors="0" timestamp="2025-09-19T10:46:23 IST" skipped="0">
  <testcase classname="testscripts.AdminTest" name="verifySearchInAdminPage" time="17.370"/>
  <testcase classname="testscripts.AdminTest" name="verifyNewWUserInAdminPage" time="22.943"/>
  <testcase classname="testscripts.AdminTest" name="verifyResetInAdminPage" time="14.414"/>
</testsuite> <!-- testscripts.AdminTest -->
