<?xml version="1.0" encoding="UTF-8"?>
<!-- Generated by org.testng.reporters.JUnitReportReporter -->
<testsuite hostname="LAPTOP-CMV49M6P" failures="0" tests="2" name="testscripts.LoginTest" time="11.098" errors="0" timestamp="2025-09-22T12:23:19 IST" skipped="0">
  <testcase classname="testscripts.LoginTest" name="verifyUserLoginWithInvalidCredentials" time="5.054"/>
  <testcase classname="testscripts.LoginTest" name="verifyUserLoginWithValidCredentials" time="6.044"/>
</testsuite> <!-- testscripts.LoginTest -->
