<?xml version="1.0" encoding="UTF-8"?>
<!-- Generated by org.testng.reporters.JUnitReportReporter -->
<testsuite hostname="LAPTOP-CMV49M6P" failures="0" tests="3" name="testscripts.ManageNewsTest" time="22.164" errors="0" timestamp="2025-09-25T19:12:38 IST" skipped="0">
  <testcase classname="testscripts.ManageNewsTest" name="verifyResetInManageNewsPage" time="5.804"/>
  <testcase classname="testscripts.ManageNewsTest" name="verifySearchInManageNewsPage" time="7.795"/>
  <testcase classname="testscripts.ManageNewsTest" name="verifyManageNewsPageWithnewNews" time="8.565"/>
</testsuite> <!-- testscripts.ManageNewsTest -->
