<?xml version="1.0" encoding="UTF-8"?>
<!-- Generated by org.testng.reporters.JUnitReportReporter -->
<testsuite hostname="LAPTOP-CMV49M6P" failures="0" tests="1" name="testscripts.AdminTest" time="8.180" errors="0" timestamp="2025-09-16T14:54:04 IST" skipped="0">
  <testcase classname="testscripts.AdminTest" name="verifyNewWUserInAdminPage" time="8.180"/>
</testsuite> <!-- testscripts.AdminTest -->
