<?xml version="1.0" encoding="UTF-8"?>
<!-- Generated by org.testng.reporters.JUnitReportReporter -->
<testsuite hostname="LAPTOP-CMV49M6P" failures="0" tests="3" name="testscripts.AdminTest" time="22.813" errors="0" timestamp="2025-09-25T19:12:38 IST" skipped="0">
  <testcase classname="testscripts.AdminTest" name="verifySearchInAdminPage" time="7.886"/>
  <testcase classname="testscripts.AdminTest" name="verifyResetInAdminPage" time="5.737"/>
  <testcase classname="testscripts.AdminTest" name="verifyNewWUserInAdminPage" time="9.190"/>
</testsuite> <!-- testscripts.AdminTest -->
